<?xml version="1.0" encoding="UTF-8"?>
<!-- Generated by org.testng.reporters.JUnitReportReporter -->
<testsuite hostname="A2ML16237" name="com.tenantadmin.scripts.CreateUser" tests="1" failures="0" timestamp="14 Aug 2017 11:13:32 GMT" time="19.290" errors="0">
  <testcase name="testCreateUser" time="19.290" classname="com.tenantadmin.scripts.CreateUser"/>
</testsuite> <!-- com.tenantadmin.scripts.CreateUser -->
