<?xml version="1.0" encoding="UTF-8"?>
<!-- Generated by org.testng.reporters.JUnitReportReporter -->
<testsuite hostname="A2ML16237" name="com.roles.scripts.ManagerCannotDeleteLocalBoilerPlate" tests="1" failures="0" timestamp="17 Jul 2017 12:33:23 GMT" time="65.427" errors="0">
  <testcase name="testManagerCannotDeleteLocalBoilerPlate" time="65.427" classname="com.roles.scripts.ManagerCannotDeleteLocalBoilerPlate"/>
</testsuite> <!-- com.roles.scripts.ManagerCannotDeleteLocalBoilerPlate -->
