<?xml version="1.0" encoding="UTF-8"?>
<!-- Generated by org.testng.reporters.JUnitReportReporter -->
<testsuite hostname="A2ML16237" name="com.tenantadmin.scripts.TenantAdminLoginWithInactiveStatus" tests="1" failures="0" timestamp="6 Jul 2017 10:19:59 GMT" time="33.259" errors="0">
  <testcase name="testTenantAdminLoginWithInactiveStatus" time="33.259" classname="com.tenantadmin.scripts.TenantAdminLoginWithInactiveStatus"/>
</testsuite> <!-- com.tenantadmin.scripts.TenantAdminLoginWithInactiveStatus -->
