<?xml version="1.0" encoding="UTF-8"?>
<!-- Generated by org.testng.reporters.JUnitReportReporter -->
<testsuite hostname="A2ML29097" failures="0" tests="1" name="com.dotnetscripts.DisplayAboutPage" time="5.222" errors="0" timestamp="22 Nov 2018 11:19:44 GMT" skipped="0">
  <testcase classname="com.dotnetscripts.DisplayAboutPage" name="testDisplayAboutPage" time="5.222"/>
</testsuite> <!-- com.dotnetscripts.DisplayAboutPage -->
