<?xml version="1.0" encoding="UTF-8"?>
<!-- Generated by org.testng.reporters.JUnitReportReporter -->
<testsuite hostname="A2ML16237" name="com.dotnetscripts.DisplayContactPage" tests="1" failures="0" timestamp="17 Aug 2017 12:19:17 GMT" time="0.365" errors="0">
  <testcase name="testDisplayContactPage" time="0.365" classname="com.dotnetscripts.DisplayContactPage"/>
</testsuite> <!-- com.dotnetscripts.DisplayContactPage -->
