<?xml version="1.0" encoding="UTF-8"?>
<!-- Generated by org.testng.reporters.JUnitReportReporter -->
<testsuite hostname="A2ML16237" name="com.compose.scripts.UpdateCanvas" tests="1" failures="0" timestamp="6 Jul 2017 10:19:59 GMT" time="53.818" errors="0">
  <testcase name="testUpdateCanvas" time="53.818" classname="com.compose.scripts.UpdateCanvas"/>
</testsuite> <!-- com.compose.scripts.UpdateCanvas -->
