<?xml version="1.0" encoding="UTF-8"?>
<!-- Generated by org.testng.reporters.JUnitReportReporter -->
<testsuite hostname="A2ML16237" name="com.canvaslogicalview.scripts.ClickInfrastructureAutomation" tests="1" failures="0" timestamp="19 Sep 2016 04:14:29 GMT" time="59.766" errors="0">
  <testcase name="testClickInfrastructureAutomation" time="59.766" classname="com.canvaslogicalview.scripts.ClickInfrastructureAutomation"/>
</testsuite> <!-- com.canvaslogicalview.scripts.ClickInfrastructureAutomation -->
