<?xml version="1.0" encoding="UTF-8"?>
<!-- Generated by org.testng.reporters.JUnitReportReporter -->
<testsuite hostname="A2ML16237" name="com.rootadmin.scripts.RootAdminLogin" tests="1" failures="0" timestamp="6 Jul 2017 10:19:59 GMT" time="24.039" errors="0">
  <testcase name="testRootAdminLogin" time="24.039" classname="com.rootadmin.scripts.RootAdminLogin"/>
</testsuite> <!-- com.rootadmin.scripts.RootAdminLogin -->
