<?xml version="1.0" encoding="UTF-8"?>
<!-- Generated by org.testng.reporters.JUnitReportReporter -->
<testsuite hostname="A2ML16237" name="com.compose.scripts.IntegrateComponents" tests="1" failures="0" timestamp="6 Jul 2017 10:19:59 GMT" time="60.399" errors="0">
  <testcase name="testIntegrateComponents" time="60.399" classname="com.compose.scripts.IntegrateComponents"/>
</testsuite> <!-- com.compose.scripts.IntegrateComponents -->
