<?xml version="1.0" encoding="UTF-8"?>
<!-- Generated by org.testng.reporters.JUnitReportReporter -->
<testsuite hostname="A2ML16237" name="com.canvaslogicalview.scripts.DragWebserverComponent" tests="1" failures="0" timestamp="19 Sep 2016 09:41:06 GMT" time="16.178" errors="0">
  <testcase name="testDragWebserverComponent" time="16.178" classname="com.canvaslogicalview.scripts.DragWebserverComponent"/>
</testsuite> <!-- com.canvaslogicalview.scripts.DragWebserverComponent -->
