<?xml version="1.0" encoding="UTF-8"?>
<!-- Generated by org.testng.reporters.JUnitReportReporter -->
<testsuite hostname="A2ML16237" name="com.compose.scripts.UserLogin" tests="1" failures="0" timestamp="6 Jul 2017 10:19:59 GMT" time="43.808" errors="0">
  <testcase name="testUserLogin" time="43.808" classname="com.compose.scripts.UserLogin"/>
</testsuite> <!-- com.compose.scripts.UserLogin -->
