<?xml version="1.0" encoding="UTF-8"?>
<!-- Generated by org.testng.reporters.JUnitReportReporter -->
<testsuite hostname="A2ML16237" name="com.provision.scripts.DragOnpremisewithUbuntu" tests="1" failures="0" timestamp="29 Nov 2016 11:10:08 GMT" time="22.580" errors="0">
  <testcase name="testDragOnpremisewithUbuntu" time="22.580" classname="com.provision.scripts.DragOnpremisewithUbuntu"/>
</testsuite> <!-- com.provision.scripts.DragOnpremisewithUbuntu -->
