<?xml version="1.0" encoding="UTF-8"?>
<!-- Generated by org.testng.reporters.JUnitReportReporter -->
<testsuite hostname="A2ML16237" name="com.compose.scripts.DragCICDComponent" tests="1" failures="0" timestamp="28 Dec 2016 12:01:14 GMT" time="29.049" errors="0">
  <testcase name="testDragCICDComponent" time="29.049" classname="com.compose.scripts.DragCICDComponent"/>
</testsuite> <!-- com.compose.scripts.DragCICDComponent -->
