<?xml version="1.0" encoding="UTF-8"?>
<!-- Generated by org.testng.reporters.JUnitReportReporter -->
<testsuite hostname="A2ML16237" name="com.roles.scripts.DesignerCanViewActivity" tests="1" failures="0" timestamp="12 Jul 2017 11:24:09 GMT" time="144.717" errors="0">
  <testcase name="testDesignerCanViewActivity" time="144.717" classname="com.roles.scripts.DesignerCanViewActivity"/>
</testsuite> <!-- com.roles.scripts.DesignerCanViewActivity -->
