<?xml version="1.0" encoding="UTF-8"?>
<!-- Generated by org.testng.reporters.JUnitReportReporter -->
<testsuite hostname="A2ML16237" name="com.canvashomepage.scripts.IncorrectUserLogin" tests="1" failures="0" timestamp="6 Oct 2016 05:08:24 GMT" time="8.829" errors="0">
  <testcase name="testIncorrectUserLogin" time="8.829" classname="com.canvashomepage.scripts.IncorrectUserLogin"/>
</testsuite> <!-- com.canvashomepage.scripts.IncorrectUserLogin -->
