<?xml version="1.0" encoding="UTF-8"?>
<!-- Generated by org.testng.reporters.JUnitReportReporter -->
<testsuite hostname="A2ML16237" name="com.boilerplate.scripts.UseAsCanvasFromLocalBoilerPlate" tests="1" failures="0" timestamp="6 Jul 2017 10:19:59 GMT" time="63.186" errors="0">
  <testcase name="testUseAsCanvasFromLocalBoilerPlate" time="63.186" classname="com.boilerplate.scripts.UseAsCanvasFromLocalBoilerPlate"/>
</testsuite> <!-- com.boilerplate.scripts.UseAsCanvasFromLocalBoilerPlate -->
