<?xml version="1.0" encoding="UTF-8"?>
<!-- Generated by org.testng.reporters.JUnitReportReporter -->
<testsuite hostname="A2ML16237" name="com.dotnetscripts.DisplayAboutPage" tests="1" failures="0" timestamp="27 Jul 2017 10:51:36 GMT" time="7.272" errors="0">
  <testcase name="testDisplayAboutPage" time="7.272" classname="com.dotnetscripts.DisplayAboutPage"/>
</testsuite> <!-- com.dotnetscripts.DisplayAboutPage -->
