<?xml version="1.0" encoding="UTF-8"?>
<!-- Generated by org.testng.reporters.JUnitReportReporter -->
<testsuite hostname="A2ML16237" name="com.compose.scripts.DragApplicationServerComponent" tests="1" failures="0" timestamp="10 Oct 2016 07:05:09 GMT" time="10.769" errors="0">
  <testcase name="testDragApplicationServerComponent" time="10.769" classname="com.compose.scripts.DragApplicationServerComponent"/>
</testsuite> <!-- com.compose.scripts.DragApplicationServerComponent -->
