<?xml version="1.0" encoding="UTF-8"?>
<!-- Generated by org.testng.reporters.JUnitReportReporter -->
<testsuite hostname="A2ML16237" name="com.boilerplate.scripts.Logout" tests="1" failures="0" timestamp="23 May 2017 10:49:45 GMT" time="55.873" errors="0">
  <testcase name="logOut" time="55.873" classname="com.boilerplate.scripts.Logout"/>
</testsuite> <!-- com.boilerplate.scripts.Logout -->
