<?xml version="1.0" encoding="UTF-8"?>
<!-- Generated by org.testng.reporters.JUnitReportReporter -->
<testsuite hostname="A2ML16237" name="com.boilerplate.scripts.DeleteLocalBoilerPlate" tests="1" failures="0" timestamp="6 Jul 2017 10:19:59 GMT" time="49.450" errors="0">
  <testcase name="testDeleteLocalBoilerPlate" time="49.450" classname="com.boilerplate.scripts.DeleteLocalBoilerPlate"/>
</testsuite> <!-- com.boilerplate.scripts.DeleteLocalBoilerPlate -->
