<?xml version="1.0" encoding="UTF-8"?>
<!-- Generated by org.testng.reporters.JUnitReportReporter -->
<testsuite hostname="A2ML16237" name="com.rootadmin.scripts.ChangeTenantStatusToInactive" tests="1" failures="0" timestamp="14 Aug 2017 11:13:32 GMT" time="80.960" errors="0">
  <testcase name="testChangeTenantStatusToInactive" time="80.960" classname="com.rootadmin.scripts.ChangeTenantStatusToInactive"/>
</testsuite> <!-- com.rootadmin.scripts.ChangeTenantStatusToInactive -->
