<?xml version="1.0" encoding="UTF-8"?>
<!-- Generated by org.testng.reporters.JUnitReportReporter -->
<testsuite hostname="A2ML16237" name="com.provision.scripts.DragVMConnectwithUbuntu" tests="1" failures="0" timestamp="6 Jul 2017 10:19:59 GMT" time="68.619" errors="0">
  <testcase name="testDragVMConnectUbuntuServer" time="68.619" classname="com.provision.scripts.DragVMConnectwithUbuntu"/>
</testsuite> <!-- com.provision.scripts.DragVMConnectwithUbuntu -->
