<?xml version="1.0" encoding="UTF-8"?>
<!-- Generated by org.testng.reporters.JUnitReportReporter -->
<testsuite hostname="A2ML16237" name="com.scripts.ValidLogIn" tests="1" failures="0" timestamp="16 Sep 2016 12:44:00 GMT" time="35.711" errors="0">
  <testcase name="testvalidlogIn" time="35.711" classname="com.scripts.ValidLogIn"/>
</testsuite> <!-- com.scripts.ValidLogIn -->
