<?xml version="1.0" encoding="UTF-8"?>
<!-- Generated by org.testng.reporters.JUnitReportReporter -->
<testsuite hostname="A2ML16237" name="com.roles.scripts.EngineerCannotUpdateLocalBoilerPlate" tests="1" failures="0" timestamp="13 Jul 2017 10:07:18 GMT" time="59.592" errors="0">
  <testcase name="testEngineerCannotUpdateLocalBoilerPlate" time="59.592" classname="com.roles.scripts.EngineerCannotUpdateLocalBoilerPlate"/>
</testsuite> <!-- com.roles.scripts.EngineerCannotUpdateLocalBoilerPlate -->
