<?xml version="1.0" encoding="UTF-8"?>
<!-- Generated by org.testng.reporters.JUnitReportReporter -->
<testsuite hostname="A2ML16237" name="com.tenantadmin.scripts.CreateProject" tests="1" failures="0" timestamp="14 Aug 2017 11:13:32 GMT" time="12.829" errors="0">
  <testcase name="testCreateProject" time="12.829" classname="com.tenantadmin.scripts.CreateProject"/>
</testsuite> <!-- com.tenantadmin.scripts.CreateProject -->
