<?xml version="1.0" encoding="UTF-8"?>
<!-- Generated by org.testng.reporters.JUnitReportReporter -->
<testsuite hostname="A2ML16237" name="com.canvashomepage.scripts.IncorrectPasswordLogin" tests="1" failures="0" timestamp="6 Oct 2016 05:09:06 GMT" time="12.192" errors="0">
  <testcase name="testIncorrectPasswordLogin" time="12.192" classname="com.canvashomepage.scripts.IncorrectPasswordLogin"/>
</testsuite> <!-- com.canvashomepage.scripts.IncorrectPasswordLogin -->
