<?xml version="1.0" encoding="UTF-8"?>
<!-- Generated by org.testng.reporters.JUnitReportReporter -->
<testsuite hostname="A2ML16237" name="com.tenantadmin.scripts.TenantAdminLoginWhenTenantInactive" tests="1" failures="0" timestamp="13 Jun 2017 08:19:07 GMT" time="42.145" errors="0">
  <testcase name="testTenantAdminLoginWhenTenantInactive" time="42.145" classname="com.tenantadmin.scripts.TenantAdminLoginWhenTenantInactive"/>
</testsuite> <!-- com.tenantadmin.scripts.TenantAdminLoginWhenTenantInactive -->
