<?xml version="1.0" encoding="UTF-8"?>
<!-- Generated by org.testng.reporters.JUnitReportReporter -->
<testsuite hostname="A2ML16237" name="com.roles.scripts.ManagerCannotCreateLocalBoilerPlate" tests="1" failures="0" timestamp="17 Jul 2017 12:21:04 GMT" time="72.397" errors="0">
  <testcase name="testManagerCannotCreateLocalBoilerPlate" time="72.397" classname="com.roles.scripts.ManagerCannotCreateLocalBoilerPlate"/>
</testsuite> <!-- com.roles.scripts.ManagerCannotCreateLocalBoilerPlate -->
