<?xml version="1.0" encoding="UTF-8"?>
<!-- Generated by org.testng.reporters.JUnitReportReporter -->
<testsuite hostname="A2ML16237" name="com.canvashomepage.scripts.ValidLogIn" tests="1" failures="0" timestamp="6 Oct 2016 05:07:39 GMT" time="9.268" errors="0">
  <testcase name="testvalidlogIn" time="9.268" classname="com.canvashomepage.scripts.ValidLogIn"/>
</testsuite> <!-- com.canvashomepage.scripts.ValidLogIn -->
