<?xml version="1.0" encoding="UTF-8"?>
<!-- Generated by org.testng.reporters.JUnitReportReporter -->
<testsuite hostname="A2ML16237" name="com.roles.scripts.DesignerCannotProvision" tests="1" failures="0" timestamp="14 Jul 2017 07:18:20 GMT" time="69.193" errors="0">
  <testcase name="testDesignerCannotProvision" time="69.193" classname="com.roles.scripts.DesignerCannotProvision"/>
</testsuite> <!-- com.roles.scripts.DesignerCannotProvision -->
