<?xml version="1.0" encoding="UTF-8"?>
<!-- Generated by org.testng.reporters.JUnitReportReporter -->
<testsuite hostname="A2ML16237" name="com.rootadmin.scripts.PlatformAdminLoginWithOldPassword" tests="1" failures="0" timestamp="14 Aug 2017 11:13:32 GMT" time="5.776" errors="0">
  <testcase name="testPlatformAdminLoginWithOldPasword" time="5.776" classname="com.rootadmin.scripts.PlatformAdminLoginWithOldPassword"/>
</testsuite> <!-- com.rootadmin.scripts.PlatformAdminLoginWithOldPassword -->
