<?xml version="1.0" encoding="UTF-8"?>
<!-- Generated by org.testng.reporters.JUnitReportReporter -->
<testsuite hostname="A2ML16237" name="com.dataclear.scripts.DataClear" tests="1" failures="0" timestamp="14 Aug 2017 11:13:31 GMT" time="2.225" errors="0">
  <testcase name="clearData" time="2.225" classname="com.dataclear.scripts.DataClear"/>
</testsuite> <!-- com.dataclear.scripts.DataClear -->
