<?xml version="1.0" encoding="UTF-8"?>
<!-- Generated by org.testng.reporters.JUnitReportReporter -->
<testsuite hostname="A2ML16237" name="com.boilerplate.scripts.SavAsGlobalBoilerPlate" tests="1" failures="0" timestamp="6 Jul 2017 10:19:59 GMT" time="58.256" errors="0">
  <testcase name="testSaveAsGlobalBoilerPlate" time="58.256" classname="com.boilerplate.scripts.SavAsGlobalBoilerPlate"/>
</testsuite> <!-- com.boilerplate.scripts.SavAsGlobalBoilerPlate -->
