<?xml version="1.0" encoding="UTF-8"?>
<!-- Generated by org.testng.reporters.JUnitReportReporter -->
<testsuite hostname="A2ML16237" name="com.roles.scripts.CreateDesigner" tests="1" failures="0" timestamp="7 Jul 2017 09:58:31 GMT" time="24.850" errors="0">
  <testcase name="testCreateDesigner" time="24.850" classname="com.roles.scripts.CreateDesigner"/>
</testsuite> <!-- com.roles.scripts.CreateDesigner -->
