<?xml version="1.0" encoding="UTF-8"?>
<!-- Generated by org.testng.reporters.JUnitReportReporter -->
<testsuite hostname="A2ML16237" name="com.provision.scripts.ClickVirtualMachineslink" tests="1" failures="0" timestamp="14 Nov 2016 09:19:13 GMT" time="13.046" errors="0">
  <testcase name="testClickVirtualMachineslink" time="13.046" classname="com.provision.scripts.ClickVirtualMachineslink"/>
</testsuite> <!-- com.provision.scripts.ClickVirtualMachineslink -->
