<?xml version="1.0" encoding="UTF-8"?>
<!-- Generated by org.testng.reporters.JUnitReportReporter -->
<testsuite hostname="A2ML16237" name="com.provision.scripts.SaveAsLocalBoilerplate" tests="1" failures="0" timestamp="20 Feb 2017 11:08:03 GMT" time="123.716" errors="0">
  <testcase name="testSaveAsLocalBoilerplate" time="123.716" classname="com.provision.scripts.SaveAsLocalBoilerplate"/>
</testsuite> <!-- com.provision.scripts.SaveAsLocalBoilerplate -->
