<?xml version="1.0" encoding="UTF-8"?>
<!-- Generated by org.testng.reporters.JUnitReportReporter -->
<testsuite hostname="A2ML16237" name="com.tenantadmin.scripts.TenantAdminLogin" tests="1" failures="0" timestamp="6 Jul 2017 10:19:59 GMT" time="34.379" errors="0">
  <testcase name="testTenantAdminLogin" time="34.379" classname="com.tenantadmin.scripts.TenantAdminLogin"/>
</testsuite> <!-- com.tenantadmin.scripts.TenantAdminLogin -->
