<?xml version="1.0" encoding="UTF-8"?>
<!-- Generated by org.testng.reporters.JUnitReportReporter -->
<testsuite hostname="A2ML16237" name="com.sampejavaappscripts.DisplayHomePage" tests="1" failures="0" timestamp="10 Aug 2017 13:41:30 GMT" time="0.978" errors="0">
  <testcase name="testDisplayHomePage" time="0.978" classname="com.sampejavaappscripts.DisplayHomePage"/>
</testsuite> <!-- com.sampejavaappscripts.DisplayHomePage -->
