<?xml version="1.0" encoding="UTF-8"?>
<!-- Generated by org.testng.reporters.JUnitReportReporter -->
<testsuite hostname="A2ML16237" name="com.roles.scripts.EngineerCannotDeleteCanvas" tests="1" failures="0" timestamp="12 Jul 2017 12:32:14 GMT" time="129.426" errors="0">
  <testcase name="testEngineerCannotDeleteCanvas" time="129.426" classname="com.roles.scripts.EngineerCannotDeleteCanvas"/>
</testsuite> <!-- com.roles.scripts.EngineerCannotDeleteCanvas -->
