<?xml version="1.0" encoding="UTF-8"?>
<!-- Generated by org.testng.reporters.JUnitReportReporter -->
<testsuite hostname="A2ML16237" name="com.rootadmin.scripts.CreatePlatformAdmin" tests="1" failures="0" timestamp="6 Jul 2017 10:19:59 GMT" time="30.879" errors="0">
  <testcase name="testCreatePlatformAdmin" time="30.879" classname="com.rootadmin.scripts.CreatePlatformAdmin"/>
</testsuite> <!-- com.rootadmin.scripts.CreatePlatformAdmin -->
