<?xml version="1.0" encoding="UTF-8"?>
<!-- Generated by org.testng.reporters.JUnitReportReporter -->
<testsuite hostname="A2ML16237" name="com.rootadmin.scripts.ChangeTenantStatusToActive" tests="1" failures="0" timestamp="14 Aug 2017 11:13:32 GMT" time="18.357" errors="0">
  <testcase name="testChangeTenantStatusToActive" time="18.357" classname="com.rootadmin.scripts.ChangeTenantStatusToActive"/>
</testsuite> <!-- com.rootadmin.scripts.ChangeTenantStatusToActive -->
