<?xml version="1.0" encoding="UTF-8"?>
<!-- Generated by org.testng.reporters.JUnitReportReporter -->
<testsuite hostname="A2ML16237" name="com.canvaslogicalview.scripts.DragBuildtoolComponent" tests="1" failures="0" timestamp="19 Sep 2016 10:22:00 GMT" time="9.527" errors="0">
  <testcase name="testDragBuildtoolComponent" time="9.527" classname="com.canvaslogicalview.scripts.DragBuildtoolComponent"/>
</testsuite> <!-- com.canvaslogicalview.scripts.DragBuildtoolComponent -->
