<?xml version="1.0" encoding="UTF-8"?>
<!-- Generated by org.testng.reporters.JUnitReportReporter -->
<testsuite hostname="A2ML16237" name="com.rootadmin.scripts.ChangeTenantAdminStatusToInactive" tests="1" failures="0" timestamp="14 Aug 2017 11:13:32 GMT" time="14.579" errors="0">
  <testcase name="ChangeTenantAdminStatusToInactive" time="14.579" classname="com.rootadmin.scripts.ChangeTenantAdminStatusToInactive"/>
</testsuite> <!-- com.rootadmin.scripts.ChangeTenantAdminStatusToInactive -->
