<?xml version="1.0" encoding="UTF-8"?>
<!-- Generated by org.testng.reporters.JUnitReportReporter -->
<testsuite hostname="A2ML16237" name="com.roles.scripts.DesignerCannotViewLogs" tests="1" failures="0" timestamp="12 Jul 2017 10:49:18 GMT" time="125.409" errors="0">
  <testcase name="testDesignerCannotViewLogs" time="125.409" classname="com.roles.scripts.DesignerCannotViewLogs"/>
</testsuite> <!-- com.roles.scripts.DesignerCannotViewLogs -->
