<?xml version="1.0" encoding="UTF-8"?>
<!-- Generated by org.testng.reporters.JUnitReportReporter -->
<testsuite hostname="A2ML16237" name="com.rootadmin.scripts.ChangePasswordForPlatformAdmin" tests="1" failures="0" timestamp="14 Aug 2017 11:13:32 GMT" time="22.545" errors="0">
  <testcase name="testChangePasswordForPlatformAdmin" time="22.545" classname="com.rootadmin.scripts.ChangePasswordForPlatformAdmin"/>
</testsuite> <!-- com.rootadmin.scripts.ChangePasswordForPlatformAdmin -->
