<?xml version="1.0" encoding="UTF-8"?>
<!-- Generated by org.testng.reporters.JUnitReportReporter -->
<testsuite hostname="A2ML16237" name="com.canvashomepage.scripts.ClickProject" tests="1" failures="0" timestamp="3 Oct 2016 10:50:00 GMT" time="35.479" errors="0">
  <testcase name="testClickProject" time="35.479" classname="com.canvashomepage.scripts.ClickProject"/>
</testsuite> <!-- com.canvashomepage.scripts.ClickProject -->
