<?xml version="1.0" encoding="UTF-8"?>
<!-- Generated by org.testng.reporters.JUnitReportReporter -->
<testsuite hostname="A2ML29097" failures="0" tests="1" name="com.dotnetscripts.DisplayLoginPage" time="0.310" errors="0" timestamp="22 Nov 2018 12:01:06 GMT" skipped="0">
  <testcase classname="com.dotnetscripts.DisplayLoginPage" name="testDisplayLoginPage" time="0.310"/>
</testsuite> <!-- com.dotnetscripts.DisplayLoginPage -->
