<?xml version="1.0" encoding="UTF-8"?>
<!-- Generated by org.testng.reporters.JUnitReportReporter -->
<testsuite hostname="A2ML16237" name="com.scripts.IncorrectPasswordLogin" tests="1" failures="0" timestamp="16 Sep 2016 12:44:00 GMT" time="22.387" errors="0">
  <testcase name="testIncorrectPasswordLogin" time="22.387" classname="com.scripts.IncorrectPasswordLogin"/>
</testsuite> <!-- com.scripts.IncorrectPasswordLogin -->
