<?xml version="1.0" encoding="UTF-8"?>
<!-- Generated by org.testng.reporters.JUnitReportReporter -->
<testsuite hostname="A2ML16237" name="com.roles.scripts.EngineerCannotDeleteLocalBoilerPlate" tests="1" failures="0" timestamp="13 Jul 2017 10:12:10 GMT" time="59.906" errors="0">
  <testcase name="testEngineerCannotDeleteLocalBoilerPlate" time="59.906" classname="com.roles.scripts.EngineerCannotDeleteLocalBoilerPlate"/>
</testsuite> <!-- com.roles.scripts.EngineerCannotDeleteLocalBoilerPlate -->
