<?xml version="1.0" encoding="UTF-8"?>
<!-- Generated by org.testng.reporters.JUnitReportReporter -->
<testsuite hostname="A2ML16237" name="com.compose.scripts.CreateCanvas" tests="1" failures="0" timestamp="6 Jul 2017 10:19:59 GMT" time="40.428" errors="0">
  <testcase name="testCreateCanvas" time="40.428" classname="com.compose.scripts.CreateCanvas"/>
</testsuite> <!-- com.compose.scripts.CreateCanvas -->
