<?xml version="1.0" encoding="UTF-8"?>
<!-- Generated by org.testng.reporters.JUnitReportReporter -->
<testsuite hostname="A2ML16237" name="com.scripts.ClickProject" tests="1" failures="0" timestamp="15 Sep 2016 13:25:21 GMT" time="16.813" errors="0">
  <testcase name="testClickProject" time="16.813" classname="com.scripts.ClickProject"/>
</testsuite> <!-- com.scripts.ClickProject -->
