<?xml version="1.0" encoding="UTF-8"?>
<!-- Generated by org.testng.reporters.JUnitReportReporter -->
<testsuite hostname="A2ML16237" name="com.rootadmin.scripts.RootAdminLogin" tests="1" failures="0" timestamp="14 Aug 2017 11:13:32 GMT" time="7.616" errors="0">
  <testcase name="testRootAdminLogin" time="7.616" classname="com.rootadmin.scripts.RootAdminLogin"/>
</testsuite> <!-- com.rootadmin.scripts.RootAdminLogin -->
