<?xml version="1.0" encoding="UTF-8"?>
<!-- Generated by org.testng.reporters.JUnitReportReporter -->
<testsuite hostname="A2ML16237" name="com.sampejavaappscripts.DisplayHomePage" tests="1" failures="0" timestamp="11 Aug 2017 11:50:50 GMT" time="60.402" errors="0">
  <testcase name="testDisplayHomePage" time="60.402" classname="com.sampejavaappscripts.DisplayHomePage"/>
</testsuite> <!-- com.sampejavaappscripts.DisplayHomePage -->
