<?xml version="1.0" encoding="UTF-8"?>
<!-- Generated by org.testng.reporters.JUnitReportReporter -->
<testsuite hostname="A2ML16237" name="com.roles.scripts.ManagerCannotUpdateLocalBoilerPlate" tests="1" failures="0" timestamp="17 Jul 2017 12:27:06 GMT" time="62.855" errors="0">
  <testcase name="testManagerCannotUpdateLocalBoilerPlate" time="62.855" classname="com.roles.scripts.ManagerCannotUpdateLocalBoilerPlate"/>
</testsuite> <!-- com.roles.scripts.ManagerCannotUpdateLocalBoilerPlate -->
