<?xml version="1.0" encoding="UTF-8"?>
<!-- Generated by org.testng.reporters.JUnitReportReporter -->
<testsuite hostname="A2ML16237" name="com.dataclear.scripts.DataClear" tests="1" failures="0" timestamp="4 Aug 2017 10:52:01 GMT" time="6.923" errors="0">
  <testcase name="clearData" time="6.923" classname="com.dataclear.scripts.DataClear"/>
</testsuite> <!-- com.dataclear.scripts.DataClear -->
