<?xml version="1.0" encoding="UTF-8"?>
<!-- Generated by org.testng.reporters.JUnitReportReporter -->
<testsuite hostname="A2ML16237" name="com.compose.scripts.ClickBuildAutomation" tests="1" failures="0" timestamp="7 Oct 2016 13:25:21 GMT" time="12.440" errors="0">
  <testcase name="testClickBuildAutomation" time="12.440" classname="com.compose.scripts.ClickBuildAutomation"/>
</testsuite> <!-- com.compose.scripts.ClickBuildAutomation -->
