<?xml version="1.0" encoding="UTF-8"?>
<!-- Generated by org.testng.reporters.JUnitReportReporter -->
<testsuite hostname="A2ML16237" name="com.dataclear.scripts.DataClear" tests="1" failures="0" timestamp="6 Jul 2017 10:19:59 GMT" time="3.999" errors="0">
  <testcase name="clearData" time="3.999" classname="com.dataclear.scripts.DataClear"/>
</testsuite> <!-- com.dataclear.scripts.DataClear -->
