<?xml version="1.0" encoding="UTF-8"?>
<!-- Generated by org.testng.reporters.JUnitReportReporter -->
<testsuite hostname="A2ML16237" name="com.dotnetscripts.DisplayLoginPage" tests="1" failures="0" timestamp="27 Jul 2017 10:51:36 GMT" time="47.379" errors="0">
  <testcase name="testDisplayLoginPage" time="47.379" classname="com.dotnetscripts.DisplayLoginPage"/>
</testsuite> <!-- com.dotnetscripts.DisplayLoginPage -->
