<?xml version="1.0" encoding="UTF-8"?>
<!-- Generated by org.testng.reporters.JUnitReportReporter -->
<testsuite hostname="A2ML16237" name="com.boilerplate.scripts.DeleteCanvasFromLocalBoilerPlate" tests="1" failures="0" timestamp="6 Jul 2017 10:19:59 GMT" time="48.784" errors="0">
  <testcase name="testDeleteCanvasFromLocalBoilerPlate" time="48.784" classname="com.boilerplate.scripts.DeleteCanvasFromLocalBoilerPlate"/>
</testsuite> <!-- com.boilerplate.scripts.DeleteCanvasFromLocalBoilerPlate -->
