<?xml version="1.0" encoding="UTF-8"?>
<!-- Generated by org.testng.reporters.JUnitReportReporter -->
<testsuite hostname="A2ML16237" name="com.rootadmin.scripts.ChangeTenantAdminStatusToActive" tests="1" failures="0" timestamp="6 Jul 2017 10:19:59 GMT" time="37.819" errors="0">
  <testcase name="testChangeTenantAdminStatusToActive" time="37.819" classname="com.rootadmin.scripts.ChangeTenantAdminStatusToActive"/>
</testsuite> <!-- com.rootadmin.scripts.ChangeTenantAdminStatusToActive -->
