<?xml version="1.0" encoding="UTF-8"?>
<!-- Generated by org.testng.reporters.JUnitReportReporter -->
<testsuite hostname="A2ML16237" name="com.compose.scripts.DragBuildtoolComponent" tests="1" failures="0" timestamp="28 Dec 2016 12:18:42 GMT" time="28.232" errors="0">
  <testcase name="testDragBuildtoolComponent" time="28.232" classname="com.compose.scripts.DragBuildtoolComponent"/>
</testsuite> <!-- com.compose.scripts.DragBuildtoolComponent -->
