<?xml version="1.0" encoding="UTF-8"?>
<!-- Generated by org.testng.reporters.JUnitReportReporter -->
<testsuite hostname="A2ML16237" name="com.rootadmin.scripts.CreateComponent" tests="1" failures="0" timestamp="11 Nov 2016 09:45:13 GMT" time="11.026" errors="0">
  <testcase name="testCreateComponent" time="11.026" classname="com.rootadmin.scripts.CreateComponent"/>
</testsuite> <!-- com.rootadmin.scripts.CreateComponent -->
