<?xml version="1.0" encoding="UTF-8"?>
<!-- Generated by org.testng.reporters.JUnitReportReporter -->
<testsuite hostname="A2ML16237" name="com.tenantadmin.scripts.UpdateProject" tests="1" failures="0" timestamp="6 Jul 2017 11:32:30 GMT" time="82.261" errors="0">
  <testcase name="testUpdateProject" time="82.261" classname="com.tenantadmin.scripts.UpdateProject"/>
</testsuite> <!-- com.tenantadmin.scripts.UpdateProject -->
