<?xml version="1.0" encoding="UTF-8"?>
<!-- Generated by org.testng.reporters.JUnitReportReporter -->
<testsuite hostname="A2ML16237" name="com.roles.scripts.ManagerCannotViewActivity" tests="1" failures="0" timestamp="14 Jul 2017 10:52:57 GMT" time="72.259" errors="0">
  <testcase name="testManagerCannotViewActivity" time="72.259" classname="com.roles.scripts.ManagerCannotViewActivity"/>
</testsuite> <!-- com.roles.scripts.ManagerCannotViewActivity -->
