<?xml version="1.0" encoding="UTF-8"?>
<!-- Generated by org.testng.reporters.JUnitReportReporter -->
<testsuite hostname="A2ML16237" name="com.roles.scripts.ManagerCannotDeleteCanvas" tests="1" failures="0" timestamp="17 Jul 2017 12:14:12 GMT" time="73.761" errors="0">
  <testcase name="testManagerCannotDeleteCanvas" time="73.761" classname="com.roles.scripts.ManagerCannotDeleteCanvas"/>
</testsuite> <!-- com.roles.scripts.ManagerCannotDeleteCanvas -->
