<?xml version="1.0" encoding="UTF-8"?>
<!-- Generated by org.testng.reporters.JUnitReportReporter -->
<testsuite hostname="A2ML16237" name="com.provision.scripts.InstallSoftwareintoVM" tests="1" failures="0" timestamp="6 Jul 2017 10:19:59 GMT" time="81.804" errors="0">
  <testcase name="testInstallSoftwareintoVM" time="81.804" classname="com.provision.scripts.InstallSoftwareintoVM"/>
</testsuite> <!-- com.provision.scripts.InstallSoftwareintoVM -->
