<?xml version="1.0" encoding="UTF-8"?>
<!-- Generated by org.testng.reporters.JUnitReportReporter -->
<testsuite hostname="A2ML16237" name="com.tenantadmin.scripts.ChangeProjectStatusToActive" tests="1" failures="0" timestamp="6 Jul 2017 10:19:59 GMT" time="41.055" errors="0">
  <testcase name="testChangeProjectStatusToActive" time="41.055" classname="com.tenantadmin.scripts.ChangeProjectStatusToActive"/>
</testsuite> <!-- com.tenantadmin.scripts.ChangeProjectStatusToActive -->
