<?xml version="1.0" encoding="UTF-8"?>
<!-- Generated by org.testng.reporters.JUnitReportReporter -->
<testsuite hostname="A2ML16237" name="com.scripts.Testfunctionality" tests="1" failures="0" timestamp="16 Sep 2016 09:19:53 GMT" time="22.837" errors="0">
  <testcase name="testFunctionality" time="22.837" classname="com.scripts.Testfunctionality"/>
</testsuite> <!-- com.scripts.Testfunctionality -->
