<?xml version="1.0" encoding="UTF-8"?>
<!-- Generated by org.testng.reporters.JUnitReportReporter -->
<testsuite hostname="A2ML16237" name="com.boilerplate.scripts.UseAsCanvasFromGlobalBoilerPlate" tests="1" failures="0" timestamp="6 Jul 2017 10:19:59 GMT" time="41.870" errors="0">
  <testcase name="testUseAsCanvasFromGlobalBoilerPlate" time="41.870" classname="com.boilerplate.scripts.UseAsCanvasFromGlobalBoilerPlate"/>
</testsuite> <!-- com.boilerplate.scripts.UseAsCanvasFromGlobalBoilerPlate -->
