<?xml version="1.0" encoding="UTF-8"?>
<!-- Generated by org.testng.reporters.JUnitReportReporter -->
<testsuite hostname="A2ML16237" name="com.compose.scripts.UserLoginWhenTenantIsInactive" tests="1" failures="0" timestamp="6 Jul 2017 10:19:59 GMT" time="61.480" errors="0">
  <testcase name="testUserLoginWhenTenantIsInactive" time="61.480" classname="com.compose.scripts.UserLoginWhenTenantIsInactive"/>
</testsuite> <!-- com.compose.scripts.UserLoginWhenTenantIsInactive -->
