<?xml version="1.0" encoding="UTF-8"?>
<!-- Generated by org.testng.reporters.JUnitReportReporter -->
<testsuite hostname="A2ML16237" name="com.boilerplate.scripts.DeleteCanvasFromGlobalBoilerPlate" tests="1" failures="0" timestamp="6 Jul 2017 10:19:59 GMT" time="58.298" errors="0">
  <testcase name="testDeleteCanvasFromGlobalBoilerPlate" time="58.298" classname="com.boilerplate.scripts.DeleteCanvasFromGlobalBoilerPlate"/>
</testsuite> <!-- com.boilerplate.scripts.DeleteCanvasFromGlobalBoilerPlate -->
