<?xml version="1.0" encoding="UTF-8"?>
<!-- Generated by org.testng.reporters.JUnitReportReporter -->
<testsuite hostname="A2ML16237" name="com.tenantadmin.scripts.TenantAdminLoginWhenTenantIsInactive" tests="1" failures="0" timestamp="6 Jul 2017 10:19:59 GMT" time="58.491" errors="0">
  <testcase name="testTenantAdminLoginWhenTenantInactive" time="58.491" classname="com.tenantadmin.scripts.TenantAdminLoginWhenTenantIsInactive"/>
</testsuite> <!-- com.tenantadmin.scripts.TenantAdminLoginWhenTenantIsInactive -->
