<?xml version="1.0" encoding="UTF-8"?>
<!-- Generated by org.testng.reporters.JUnitReportReporter -->
<testsuite hostname="A2ML16237" name="com.rootadmin.scripts.ChangeTenantAdminStatusToActive" tests="1" failures="0" timestamp="14 Aug 2017 11:13:32 GMT" time="16.028" errors="0">
  <testcase name="testChangeTenantAdminStatusToActive" time="16.028" classname="com.rootadmin.scripts.ChangeTenantAdminStatusToActive"/>
</testsuite> <!-- com.rootadmin.scripts.ChangeTenantAdminStatusToActive -->
