<?xml version="1.0" encoding="UTF-8"?>
<!-- Generated by org.testng.reporters.JUnitReportReporter -->
<testsuite hostname="A2ML16237" name="com.roles.scripts.DesignerCannotAnalyze" tests="1" failures="0" timestamp="12 Jul 2017 05:43:06 GMT" time="172.557" errors="0">
  <testcase name="testDesignerCannotAnalyze" time="172.557" classname="com.roles.scripts.DesignerCannotAnalyze"/>
</testsuite> <!-- com.roles.scripts.DesignerCannotAnalyze -->
