<?xml version="1.0" encoding="UTF-8"?>
<!-- Generated by org.testng.reporters.JUnitReportReporter -->
<testsuite hostname="A2ML16237" name="com.roles.scripts.TestCompose" tests="1" failures="0" timestamp="13 Jul 2017 12:34:04 GMT" time="27.664" errors="0">
  <testcase name="testCompose" time="27.664" classname="com.roles.scripts.TestCompose"/>
</testsuite> <!-- com.roles.scripts.TestCompose -->
