<?xml version="1.0" encoding="UTF-8"?>
<!-- Generated by org.testng.reporters.JUnitReportReporter -->
<testsuite hostname="A2ML16237" name="com.canvaslogicalview.scripts.ClickBuildAutomation" tests="1" failures="0" timestamp="19 Sep 2016 04:21:51 GMT" time="17.808" errors="0">
  <testcase name="testClickBuildAutomation" time="17.808" classname="com.canvaslogicalview.scripts.ClickBuildAutomation"/>
</testsuite> <!-- com.canvaslogicalview.scripts.ClickBuildAutomation -->
