<?xml version="1.0" encoding="UTF-8"?>
<!-- Generated by org.testng.reporters.JUnitReportReporter -->
<testsuite hostname="A2ML16237" name="com.roles.scripts.EngineerCanViewLogs" tests="1" failures="0" timestamp="12 Jul 2017 11:55:31 GMT" time="128.833" errors="0">
  <testcase name="testEngineerCanViewLogs" time="128.833" classname="com.roles.scripts.EngineerCanViewLogs"/>
</testsuite> <!-- com.roles.scripts.EngineerCanViewLogs -->
