<?xml version="1.0" encoding="UTF-8"?>
<!-- Generated by org.testng.reporters.JUnitReportReporter -->
<testsuite hostname="A2ML16237" name="com.rootadmin.scripts.ChangeTenantAdminStatusToInactive" tests="1" failures="0" timestamp="6 Jul 2017 10:19:59 GMT" time="38.871" errors="0">
  <testcase name="ChangeTenantAdminStatusToInactive" time="38.871" classname="com.rootadmin.scripts.ChangeTenantAdminStatusToInactive"/>
</testsuite> <!-- com.rootadmin.scripts.ChangeTenantAdminStatusToInactive -->
