<?xml version="1.0" encoding="UTF-8"?>
<!-- Generated by org.testng.reporters.JUnitReportReporter -->
<testsuite hostname="A2ML16237" name="com.boilerplate.scripts.DeleteGlobalBoilerPlate" tests="1" failures="0" timestamp="6 Jul 2017 10:19:59 GMT" time="52.867" errors="0">
  <testcase name="testDeleteGlobalBoilerPlate" time="52.867" classname="com.boilerplate.scripts.DeleteGlobalBoilerPlate"/>
</testsuite> <!-- com.boilerplate.scripts.DeleteGlobalBoilerPlate -->
