<?xml version="1.0" encoding="UTF-8"?>
<!-- Generated by org.testng.reporters.JUnitReportReporter -->
<testsuite hostname="A2ML16237" name="com.sampejavaappscripts.AddOwner" tests="1" failures="0" timestamp="28 Jul 2017 05:04:33 GMT" time="10.714" errors="0">
  <testcase name="testAddOwner" time="10.714" classname="com.sampejavaappscripts.AddOwner"/>
</testsuite> <!-- com.sampejavaappscripts.AddOwner -->
