<?xml version="1.0" encoding="UTF-8"?>
<!-- Generated by org.testng.reporters.JUnitReportReporter -->
<testsuite hostname="A2ML16237" name="com.roles.scripts.TagDesignerToProject" tests="1" failures="0" timestamp="7 Jul 2017 09:21:26 GMT" time="21.385" errors="0">
  <testcase name="testTagDesignerToProject" time="21.385" classname="com.roles.scripts.TagDesignerToProject"/>
</testsuite> <!-- com.roles.scripts.TagDesignerToProject -->
