<?xml version="1.0" encoding="UTF-8"?>
<!-- Generated by org.testng.reporters.JUnitReportReporter -->
<testsuite hostname="A2ML16237" name="com.roles.scripts.ManagerCannotViewLogs" tests="1" failures="0" timestamp="14 Jul 2017 11:05:27 GMT" time="69.352" errors="0">
  <testcase name="testManagerCannotViewLogs" time="69.352" classname="com.roles.scripts.ManagerCannotViewLogs"/>
</testsuite> <!-- com.roles.scripts.ManagerCannotViewLogs -->
