<?xml version="1.0" encoding="UTF-8"?>
<!-- Generated by org.testng.reporters.JUnitReportReporter -->
<testsuite hostname="A2ML16237" name="com.compose.scripts.DragComponents" tests="1" failures="0" timestamp="6 Jul 2017 10:19:59 GMT" time="96.379" errors="0">
  <testcase name="testDragComponents" time="96.379" classname="com.compose.scripts.DragComponents"/>
</testsuite> <!-- com.compose.scripts.DragComponents -->
