<?xml version="1.0" encoding="UTF-8"?>
<!-- Generated by org.testng.reporters.JUnitReportReporter -->
<testsuite hostname="A2ML16237" name="com.tenantadmin.scripts.Check" tests="1" failures="0" timestamp="9 Nov 2016 11:07:35 GMT" time="12.476" errors="0">
  <testcase name="testCheck" time="12.476" classname="com.tenantadmin.scripts.Check"/>
</testsuite> <!-- com.tenantadmin.scripts.Check -->
