<?xml version="1.0" encoding="UTF-8"?>
<!-- Generated by org.testng.reporters.JUnitReportReporter -->
<testsuite hostname="A2ML16237" name="com.rootadmin.scripts.ChangePlatformAdminStatusToInactive" tests="1" failures="0" timestamp="6 Jul 2017 10:19:59 GMT" time="35.491" errors="0">
  <testcase name="testChangePlatformAdminStatusToInactive" time="35.491" classname="com.rootadmin.scripts.ChangePlatformAdminStatusToInactive"/>
</testsuite> <!-- com.rootadmin.scripts.ChangePlatformAdminStatusToInactive -->
