<?xml version="1.0" encoding="UTF-8"?>
<!-- Generated by org.testng.reporters.JUnitReportReporter -->
<testsuite hostname="A2ML16237" name="com.rootadmin.scripts.UpdateTenant" tests="1" failures="0" timestamp="14 Aug 2017 11:13:32 GMT" time="25.025" errors="0">
  <testcase name="testUpdateTenant" time="25.025" classname="com.rootadmin.scripts.UpdateTenant"/>
</testsuite> <!-- com.rootadmin.scripts.UpdateTenant -->
