<?xml version="1.0" encoding="UTF-8"?>
<!-- Generated by org.testng.reporters.JUnitReportReporter -->
<testsuite hostname="A2ML16237" name="com.roles.scripts.EngineerCannotCreateGlobalBoilerPlate" tests="1" failures="0" timestamp="13 Jul 2017 10:29:11 GMT" time="68.902" errors="0">
  <testcase name="testEngineerCannotCreateGlobalBoilerPlate" time="68.902" classname="com.roles.scripts.EngineerCannotCreateGlobalBoilerPlate"/>
</testsuite> <!-- com.roles.scripts.EngineerCannotCreateGlobalBoilerPlate -->
