<?xml version="1.0" encoding="UTF-8"?>
<!-- Generated by org.testng.reporters.JUnitReportReporter -->
<testsuite hostname="A2ML16237" name="com.canvashomepage.scripts.ValidLogIn" tests="1" failures="0" timestamp="11 Jul 2017 07:02:22 GMT" time="23.096" errors="0">
  <testcase name="testvalidlogIn" time="23.096" classname="com.canvashomepage.scripts.ValidLogIn"/>
</testsuite> <!-- com.canvashomepage.scripts.ValidLogIn -->
