<?xml version="1.0" encoding="UTF-8"?>
<!-- Generated by org.testng.reporters.JUnitReportReporter -->
<testsuite hostname="A2ML16237" name="com.rootadmin.scripts.CreateTenant" tests="1" failures="0" timestamp="6 Jul 2017 10:19:59 GMT" time="29.944" errors="0">
  <testcase name="testCreateTenant" time="29.944" classname="com.rootadmin.scripts.CreateTenant"/>
</testsuite> <!-- com.rootadmin.scripts.CreateTenant -->
