<?xml version="1.0" encoding="UTF-8"?>
<!-- Generated by org.testng.reporters.JUnitReportReporter -->
<testsuite hostname="A2ML16237" name="com.sampejavaappscripts.EditOwner" tests="1" failures="0" timestamp="11 Aug 2017 11:50:50 GMT" time="2.382" errors="0">
  <testcase name="testEditOwner" time="2.382" classname="com.sampejavaappscripts.EditOwner"/>
</testsuite> <!-- com.sampejavaappscripts.EditOwner -->
