<?xml version="1.0" encoding="UTF-8"?>
<!-- Generated by org.testng.reporters.JUnitReportReporter -->
<testsuite hostname="A2ML16237" name="com.provision.scripts.ClickProvisiontab" tests="1" failures="0" timestamp="14 Nov 2016 06:32:13 GMT" time="11.219" errors="0">
  <testcase name="testClickProvisiontab" time="11.219" classname="com.provision.scripts.ClickProvisiontab"/>
</testsuite> <!-- com.provision.scripts.ClickProvisiontab -->
