<?xml version="1.0" encoding="UTF-8"?>
<!-- Generated by org.testng.reporters.JUnitReportReporter -->
<testsuite hostname="A2ML16237" name="com.rootadmin.scripts.UpdatePlatformAdmin" tests="1" failures="0" timestamp="14 Aug 2017 11:13:32 GMT" time="24.700" errors="0">
  <testcase name="testUpdatePlatformAdmin" time="24.700" classname="com.rootadmin.scripts.UpdatePlatformAdmin"/>
</testsuite> <!-- com.rootadmin.scripts.UpdatePlatformAdmin -->
