<?xml version="1.0" encoding="UTF-8"?>
<!-- Generated by org.testng.reporters.JUnitReportReporter -->
<testsuite hostname="A2ML16237" name="com.dotnetscripts.DisplayContactPage" tests="1" failures="0" timestamp="27 Jul 2017 10:51:36 GMT" time="7.630" errors="0">
  <testcase name="testDisplayContactPage" time="7.630" classname="com.dotnetscripts.DisplayContactPage"/>
</testsuite> <!-- com.dotnetscripts.DisplayContactPage -->
