<?xml version="1.0" encoding="UTF-8"?>
<!-- Generated by org.testng.reporters.JUnitReportReporter -->
<testsuite hostname="A2ML16237" name="com.canvaslogicalview.scripts.Drag2Components" tests="1" failures="0" timestamp="19 Sep 2016 10:27:48 GMT" time="9.922" errors="0">
  <testcase name="testDrag2Components" time="9.922" classname="com.canvaslogicalview.scripts.Drag2Components"/>
</testsuite> <!-- com.canvaslogicalview.scripts.Drag2Components -->
