<?xml version="1.0" encoding="UTF-8"?>
<!-- Generated by org.testng.reporters.JUnitReportReporter -->
<testsuite hostname="A2ML16237" name="com.roles.scripts.ManagerCannotExecute" tests="1" failures="0" timestamp="14 Jul 2017 09:58:41 GMT" time="69.560" errors="0">
  <testcase name="testManagerCannotExecute" time="69.560" classname="com.roles.scripts.ManagerCannotExecute"/>
</testsuite> <!-- com.roles.scripts.ManagerCannotExecute -->
