<?xml version="1.0" encoding="UTF-8"?>
<!-- Generated by org.testng.reporters.JUnitReportReporter -->
<testsuite hostname="A2ML16237" name="com.tenantadmin.scripts.CreateUser" tests="1" failures="0" timestamp="6 Jul 2017 10:19:59 GMT" time="38.588" errors="0">
  <testcase name="testCreateUser" time="38.588" classname="com.tenantadmin.scripts.CreateUser"/>
</testsuite> <!-- com.tenantadmin.scripts.CreateUser -->
