<?xml version="1.0" encoding="UTF-8"?>
<!-- Generated by org.testng.reporters.JUnitReportReporter -->
<testsuite hostname="A2ML16237" name="com.rootadmin.scripts.PlatformAdminLoginWithNewPassword" tests="1" failures="0" timestamp="6 Jul 2017 10:19:59 GMT" time="26.151" errors="0">
  <testcase name="testPlatformAdminLoginWithNewPassword" time="26.151" classname="com.rootadmin.scripts.PlatformAdminLoginWithNewPassword"/>
</testsuite> <!-- com.rootadmin.scripts.PlatformAdminLoginWithNewPassword -->
