<?xml version="1.0" encoding="UTF-8"?>
<!-- Generated by org.testng.reporters.JUnitReportReporter -->
<testsuite hostname="A2ML16237" name="com.rootadmin.scripts.UpdateTenantAdmin" tests="1" failures="0" timestamp="6 Jul 2017 10:19:59 GMT" time="31.350" errors="0">
  <testcase name="testUpdateTenantAdmin" time="31.350" classname="com.rootadmin.scripts.UpdateTenantAdmin"/>
</testsuite> <!-- com.rootadmin.scripts.UpdateTenantAdmin -->
