<?xml version="1.0" encoding="UTF-8"?>
<!-- Generated by org.testng.reporters.JUnitReportReporter -->
<testsuite hostname="A2ML16237" name="com.rootadmin.scripts.ChangeTenantStatusToInactive" tests="1" failures="0" timestamp="6 Jul 2017 10:19:59 GMT" time="36.266" errors="0">
  <testcase name="testChangeTenantStatusToInactive" time="36.266" classname="com.rootadmin.scripts.ChangeTenantStatusToInactive"/>
</testsuite> <!-- com.rootadmin.scripts.ChangeTenantStatusToInactive -->
