<?xml version="1.0" encoding="UTF-8"?>
<!-- Generated by org.testng.reporters.JUnitReportReporter -->
<testsuite hostname="A2ML16237" name="com.sampledotnetscripts.CreatePost" tests="1" failures="0" timestamp="27 Jul 2017 06:33:24 GMT" time="12.357" errors="0">
  <testcase name="testCreatePost" time="12.357" classname="com.sampledotnetscripts.CreatePost"/>
</testsuite> <!-- com.sampledotnetscripts.CreatePost -->
