<?xml version="1.0" encoding="UTF-8"?>
<!-- Generated by org.testng.reporters.JUnitReportReporter -->
<testsuite hostname="A2ML16237" name="com.roles.scripts.DesignerCannotExecute" tests="1" failures="0" timestamp="14 Jul 2017 09:57:18 GMT" time="67.820" errors="0">
  <testcase name="testDesignerCannotExecute" time="67.820" classname="com.roles.scripts.DesignerCannotExecute"/>
</testsuite> <!-- com.roles.scripts.DesignerCannotExecute -->
