<?xml version="1.0" encoding="UTF-8"?>
<!-- Generated by org.testng.reporters.JUnitReportReporter -->
<testsuite hostname="A2ML16237" name="com.dotnetscripts.DisplayAboutPage" tests="1" failures="0" timestamp="11 Aug 2017 06:46:58 GMT" time="60.433" errors="0">
  <testcase name="testDisplayAboutPage" time="60.433" classname="com.dotnetscripts.DisplayAboutPage"/>
</testsuite> <!-- com.dotnetscripts.DisplayAboutPage -->
