<?xml version="1.0" encoding="UTF-8"?>
<!-- Generated by org.testng.reporters.JUnitReportReporter -->
<testsuite hostname="A2ML16237" name="com.sampejavaappscripts.EditOwner" tests="1" failures="0" timestamp="10 Aug 2017 13:41:30 GMT" time="5.149" errors="0">
  <testcase name="testEditOwner" time="5.149" classname="com.sampejavaappscripts.EditOwner"/>
</testsuite> <!-- com.sampejavaappscripts.EditOwner -->
