<?xml version="1.0" encoding="UTF-8"?>
<!-- Generated by org.testng.reporters.JUnitReportReporter -->
<testsuite hostname="A2ML16237" name="com.boilerplate.scripts.SaveasLocalBoilerPlate" tests="1" failures="0" timestamp="6 Jul 2017 10:19:59 GMT" time="58.113" errors="0">
  <testcase name="testSaveasLocalBoilerPlate" time="58.113" classname="com.boilerplate.scripts.SaveasLocalBoilerPlate"/>
</testsuite> <!-- com.boilerplate.scripts.SaveasLocalBoilerPlate -->
