<?xml version="1.0" encoding="UTF-8"?>
<!-- Generated by org.testng.reporters.JUnitReportReporter -->
<testsuite hostname="A2ML16237" name="com.scripts.CreateCanvas" tests="1" failures="0" timestamp="16 Sep 2016 12:44:00 GMT" time="60.094" errors="0">
  <testcase name="testCreateCanvas" time="60.094" classname="com.scripts.CreateCanvas"/>
</testsuite> <!-- com.scripts.CreateCanvas -->
