<?xml version="1.0" encoding="UTF-8"?>
<!-- Generated by org.testng.reporters.JUnitReportReporter -->
<testsuite hostname="A2ML16237" name="com.roles.scripts.EngineerCanViewActivity" tests="1" failures="0" timestamp="12 Jul 2017 11:18:20 GMT" time="124.566" errors="0">
  <testcase name="testEngineerCanViewActivity" time="124.566" classname="com.roles.scripts.EngineerCanViewActivity"/>
</testsuite> <!-- com.roles.scripts.EngineerCanViewActivity -->
