<?xml version="1.0" encoding="UTF-8"?>
<!-- Generated by org.testng.reporters.JUnitReportReporter -->
<testsuite hostname="A2ML16237" name="com.provision.scripts.SaveAsGlobalBoilerplate" tests="1" failures="0" timestamp="20 Feb 2017 11:14:09 GMT" time="123.324" errors="0">
  <testcase name="testSaveAsGlobalBoilerplate" time="123.324" classname="com.provision.scripts.SaveAsGlobalBoilerplate"/>
</testsuite> <!-- com.provision.scripts.SaveAsGlobalBoilerplate -->
