<?xml version="1.0" encoding="UTF-8"?>
<!-- Generated by org.testng.reporters.JUnitReportReporter -->
<testsuite hostname="A2ML16237" name="com.rootadmin.scripts.ChangePlatformAdminStatusToInactive" tests="1" failures="0" timestamp="14 Aug 2017 11:13:32 GMT" time="27.081" errors="0">
  <testcase name="testChangePlatformAdminStatusToInactive" time="27.081" classname="com.rootadmin.scripts.ChangePlatformAdminStatusToInactive"/>
</testsuite> <!-- com.rootadmin.scripts.ChangePlatformAdminStatusToInactive -->
