<?xml version="1.0" encoding="UTF-8"?>
<!-- Generated by org.testng.reporters.JUnitReportReporter -->
<testsuite hostname="A2ML16237" name="com.canvashomepage.scripts.SelectProject" tests="1" failures="0" timestamp="6 Oct 2016 05:12:23 GMT" time="9.480" errors="0">
  <testcase name="testClickProject" time="9.480" classname="com.canvashomepage.scripts.SelectProject"/>
</testsuite> <!-- com.canvashomepage.scripts.SelectProject -->
