<?xml version="1.0" encoding="UTF-8"?>
<!-- Generated by org.testng.reporters.JUnitReportReporter -->
<testsuite hostname="A2ML16237" name="com.rootadmin.scripts.CreatePlatformAdmin" tests="1" failures="0" timestamp="14 Aug 2017 11:13:32 GMT" time="19.665" errors="0">
  <testcase name="testCreatePlatformAdmin" time="19.665" classname="com.rootadmin.scripts.CreatePlatformAdmin"/>
</testsuite> <!-- com.rootadmin.scripts.CreatePlatformAdmin -->
