<?xml version="1.0" encoding="UTF-8"?>
<!-- Generated by org.testng.reporters.JUnitReportReporter -->
<testsuite hostname="A2ML16237" name="com.canvashomepage.scripts.CreateCanvas" tests="1" failures="0" timestamp="28 Nov 2016 12:15:10 GMT" time="15.709" errors="0">
  <testcase name="testCreateCanvas" time="15.709" classname="com.canvashomepage.scripts.CreateCanvas"/>
</testsuite> <!-- com.canvashomepage.scripts.CreateCanvas -->
