<?xml version="1.0" encoding="UTF-8"?>
<!-- Generated by org.testng.reporters.JUnitReportReporter -->
<testsuite hostname="A2ML16237" name="com.roles.scripts.EngineerCannotAnalyze" tests="1" failures="0" timestamp="12 Jul 2017 09:58:47 GMT" time="160.935" errors="0">
  <testcase name="testEngineerCannotAnalyze" time="160.935" classname="com.roles.scripts.EngineerCannotAnalyze"/>
</testsuite> <!-- com.roles.scripts.EngineerCannotAnalyze -->
