<?xml version="1.0" encoding="UTF-8"?>
<!-- Generated by org.testng.reporters.JUnitReportReporter -->
<testsuite hostname="A2ML16237" name="com.rootadmin.scripts.PlatformAdminLoginWithOldPassword" tests="1" failures="0" timestamp="6 Jul 2017 10:19:59 GMT" time="28.800" errors="0">
  <testcase name="testPlatformAdminLoginWithOldPasword" time="28.800" classname="com.rootadmin.scripts.PlatformAdminLoginWithOldPassword"/>
</testsuite> <!-- com.rootadmin.scripts.PlatformAdminLoginWithOldPassword -->
