<?xml version="1.0" encoding="UTF-8"?>
<!-- Generated by org.testng.reporters.JUnitReportReporter -->
<testsuite hostname="A2ML16237" name="com.roles.scripts.EngineerCannotCreateLocalBoilerPlate" tests="1" failures="0" timestamp="13 Jul 2017 09:12:51 GMT" time="67.439" errors="0">
  <testcase name="testEngineerCannotCreateLocalBoilerPlate" time="67.439" classname="com.roles.scripts.EngineerCannotCreateLocalBoilerPlate"/>
</testsuite> <!-- com.roles.scripts.EngineerCannotCreateLocalBoilerPlate -->
