<?xml version="1.0" encoding="UTF-8"?>
<!-- Generated by org.testng.reporters.JUnitReportReporter -->
<testsuite hostname="A2ML16237" name="com.tenantadmin.scripts.ChangeProjectStatusToInactive" tests="1" failures="0" timestamp="16 Aug 2017 07:19:00 GMT" time="36.163" errors="0">
  <testcase name="testChangeProjectStatusToInactive" time="36.163" classname="com.tenantadmin.scripts.ChangeProjectStatusToInactive"/>
</testsuite> <!-- com.tenantadmin.scripts.ChangeProjectStatusToInactive -->
