<?xml version="1.0" encoding="UTF-8"?>
<!-- Generated by org.testng.reporters.JUnitReportReporter -->
<testsuite hostname="A2ML16237" name="com.rootadmin.scripts.ChangePlatformAdminStatusToActive" tests="1" failures="0" timestamp="14 Aug 2017 11:13:32 GMT" time="27.145" errors="0">
  <testcase name="testChangePlatformAdminStatusToActive" time="27.145" classname="com.rootadmin.scripts.ChangePlatformAdminStatusToActive"/>
</testsuite> <!-- com.rootadmin.scripts.ChangePlatformAdminStatusToActive -->
