<?xml version="1.0" encoding="UTF-8"?>
<!-- Generated by org.testng.reporters.JUnitReportReporter -->
<testsuite hostname="A2ML16237" name="com.rootadmin.scripts.CreateTenant" tests="1" failures="0" timestamp="14 Aug 2017 11:13:32 GMT" time="12.875" errors="0">
  <testcase name="testCreateTenant" time="12.875" classname="com.rootadmin.scripts.CreateTenant"/>
</testsuite> <!-- com.rootadmin.scripts.CreateTenant -->
