<?xml version="1.0" encoding="UTF-8"?>
<!-- Generated by org.testng.reporters.JUnitReportReporter -->
<testsuite hostname="A2ML16237" name="com.rootadmin.scripts.PlatformAdminLoginWithInactiveStatus" tests="1" failures="0" timestamp="6 Jul 2017 10:19:59 GMT" time="28.936" errors="0">
  <testcase name="testPlatformAdminLoginWithInactiveStatus" time="28.936" classname="com.rootadmin.scripts.PlatformAdminLoginWithInactiveStatus"/>
</testsuite> <!-- com.rootadmin.scripts.PlatformAdminLoginWithInactiveStatus -->
