<?xml version="1.0" encoding="UTF-8"?>
<!-- Generated by org.testng.reporters.JUnitReportReporter -->
<testsuite hostname="A2ML16237" name="com.tenantadmin.scripts.TenantAdminLoginWhenTenantIsInactive" tests="1" failures="0" timestamp="14 Aug 2017 11:13:32 GMT" time="43.749" errors="0">
  <testcase name="testTenantAdminLoginWhenTenantInactive" time="43.749" classname="com.tenantadmin.scripts.TenantAdminLoginWhenTenantIsInactive"/>
</testsuite> <!-- com.tenantadmin.scripts.TenantAdminLoginWhenTenantIsInactive -->
