<?xml version="1.0" encoding="UTF-8"?>
<!-- Generated by org.testng.reporters.JUnitReportReporter -->
<testsuite hostname="A2ML16237" name="com.tenantadmin.scripts.UpdateProject" tests="1" failures="0" timestamp="14 Aug 2017 12:43:25 GMT" time="18.284" errors="0">
  <testcase name="testUpdateProject" time="18.284" classname="com.tenantadmin.scripts.UpdateProject"/>
</testsuite> <!-- com.tenantadmin.scripts.UpdateProject -->
