<?xml version="1.0" encoding="UTF-8"?>
<!-- Generated by org.testng.reporters.JUnitReportReporter -->
<testsuite hostname="A2ML16237" name="com.tenantadmin.scripts.CreateProject" tests="1" failures="0" timestamp="6 Jul 2017 10:19:59 GMT" time="42.264" errors="0">
  <testcase name="testCreateProject" time="42.264" classname="com.tenantadmin.scripts.CreateProject"/>
</testsuite> <!-- com.tenantadmin.scripts.CreateProject -->
