<?xml version="1.0" encoding="UTF-8"?>
<!-- Generated by org.testng.reporters.JUnitReportReporter -->
<testsuite hostname="A2ML16237" name="com.scripts.ClickCanvas" tests="1" failures="0" timestamp="16 Sep 2016 12:58:52 GMT" time="16.059" errors="0">
  <testcase name="testClickCanvas" time="16.059" classname="com.scripts.ClickCanvas"/>
</testsuite> <!-- com.scripts.ClickCanvas -->
