<?xml version="1.0" encoding="UTF-8"?>
<!-- Generated by org.testng.reporters.JUnitReportReporter -->
<testsuite hostname="A2ML16237" name="com.rootadmin.scripts.ChangeTenantStatusToActive" tests="1" failures="0" timestamp="6 Jul 2017 10:19:59 GMT" time="42.001" errors="0">
  <testcase name="testChangeTenantStatusToActive" time="42.001" classname="com.rootadmin.scripts.ChangeTenantStatusToActive"/>
</testsuite> <!-- com.rootadmin.scripts.ChangeTenantStatusToActive -->
