<?xml version="1.0" encoding="UTF-8"?>
<!-- Generated by org.testng.reporters.JUnitReportReporter -->
<testsuite hostname="A2ML16237" name="com.roles.scripts.ManagerCannotCreateGlobalBoilerPlate" tests="1" failures="0" timestamp="17 Jul 2017 12:42:48 GMT" time="81.927" errors="0">
  <testcase name="testManagerCannotCreateGlobalBoilerPlate" time="81.927" classname="com.roles.scripts.ManagerCannotCreateGlobalBoilerPlate"/>
</testsuite> <!-- com.roles.scripts.ManagerCannotCreateGlobalBoilerPlate -->
