<?xml version="1.0" encoding="UTF-8"?>
<!-- Generated by org.testng.reporters.JUnitReportReporter -->
<testsuite hostname="A2ML16237" name="com.roles.scripts.ManagerCannotProvision" tests="1" failures="0" timestamp="14 Jul 2017 07:19:48 GMT" time="74.376" errors="0">
  <testcase name="testManagerCannotProvision" time="74.376" classname="com.roles.scripts.ManagerCannotProvision"/>
</testsuite> <!-- com.roles.scripts.ManagerCannotProvision -->
