<?xml version="1.0" encoding="UTF-8"?>
<!-- Generated by org.testng.reporters.JUnitReportReporter -->
<testsuite hostname="A2ML16237" name="com.canvaslogicalview.scripts.ClickApplicationManagement" tests="1" failures="0" timestamp="19 Sep 2016 04:27:20 GMT" time="18.709" errors="0">
  <testcase name="testClickApplicationManagement" time="18.709" classname="com.canvaslogicalview.scripts.ClickApplicationManagement"/>
</testsuite> <!-- com.canvaslogicalview.scripts.ClickApplicationManagement -->
