<?xml version="1.0" encoding="UTF-8"?>
<!-- Generated by org.testng.reporters.JUnitReportReporter -->
<testsuite hostname="A2ML16237" name="com.rootadmin.scripts.ScrollDown" tests="1" failures="0" timestamp="19 Jul 2017 06:00:13 GMT" time="21.741" errors="0">
  <testcase name="testScrollDown" time="21.741" classname="com.rootadmin.scripts.ScrollDown"/>
</testsuite> <!-- com.rootadmin.scripts.ScrollDown -->
