<?xml version="1.0" encoding="UTF-8"?>
<!-- Generated by org.testng.reporters.JUnitReportReporter -->
<testsuite hostname="A2ML16237" name="com.tenantadmin.scripts.ChangeProjectStatusToInactive" tests="1" failures="0" timestamp="6 Jul 2017 10:19:59 GMT" time="43.186" errors="0">
  <testcase name="testChangeProjectStatusToInactive" time="43.186" classname="com.tenantadmin.scripts.ChangeProjectStatusToInactive"/>
</testsuite> <!-- com.tenantadmin.scripts.ChangeProjectStatusToInactive -->
