<?xml version="1.0" encoding="UTF-8"?>
<!-- Generated by org.testng.reporters.JUnitReportReporter -->
<testsuite hostname="A2ML16237" name="com.sampejavaappscripts.AddOwner" tests="1" failures="0" timestamp="10 Aug 2017 13:41:30 GMT" time="2.024" errors="0">
  <testcase name="testAddOwner" time="2.024" classname="com.sampejavaappscripts.AddOwner"/>
</testsuite> <!-- com.sampejavaappscripts.AddOwner -->
