<?xml version="1.0" encoding="UTF-8"?>
<!-- Generated by org.testng.reporters.JUnitReportReporter -->
<testsuite hostname="A2ML16237" name="com.tenantadmin.scripts.ChangeProjectStatusToActive" tests="1" failures="0" timestamp="16 Aug 2017 07:47:31 GMT" time="16.942" errors="0">
  <testcase name="testChangeProjectStatusToActive" time="16.942" classname="com.tenantadmin.scripts.ChangeProjectStatusToActive"/>
</testsuite> <!-- com.tenantadmin.scripts.ChangeProjectStatusToActive -->
