<?xml version="1.0" encoding="UTF-8"?>
<!-- Generated by org.testng.reporters.JUnitReportReporter -->
<testsuite hostname="A2ML16237" name="com.roles.scripts.ManagerCannotUpdateCanvas" tests="1" failures="0" timestamp="13 Jul 2017 11:46:56 GMT" time="59.781" errors="0">
  <testcase name="testManagerCannotUpdateCanvas" time="59.781" classname="com.roles.scripts.ManagerCannotUpdateCanvas"/>
</testsuite> <!-- com.roles.scripts.ManagerCannotUpdateCanvas -->
