<?xml version="1.0" encoding="UTF-8"?>
<!-- Generated by org.testng.reporters.JUnitReportReporter -->
<testsuite hostname="A2ML16237" name="com.tenantadmin.scripts.TenantAdminLoginWithInactiveStatus" tests="1" failures="0" timestamp="14 Aug 2017 11:13:32 GMT" time="6.157" errors="0">
  <testcase name="testTenantAdminLoginWithInactiveStatus" time="6.157" classname="com.tenantadmin.scripts.TenantAdminLoginWithInactiveStatus"/>
</testsuite> <!-- com.tenantadmin.scripts.TenantAdminLoginWithInactiveStatus -->
