<?xml version="1.0" encoding="UTF-8"?>
<!-- Generated by org.testng.reporters.JUnitReportReporter -->
<testsuite hostname="A2ML16237" name="com.tenantadmin.scripts.TagUsertoProject" tests="1" failures="0" timestamp="6 Jul 2017 10:19:59 GMT" time="29.940" errors="0">
  <testcase name="testTagUsertoProject" time="29.940" classname="com.tenantadmin.scripts.TagUsertoProject"/>
</testsuite> <!-- com.tenantadmin.scripts.TagUsertoProject -->
