<?xml version="1.0" encoding="UTF-8"?>
<!-- Generated by org.testng.reporters.JUnitReportReporter -->
<testsuite hostname="A2ML16237" name="com.dotnetscripts.DisplayLoginPage" tests="1" failures="0" timestamp="17 Aug 2017 12:19:17 GMT" time="0.487" errors="0">
  <testcase name="testDisplayLoginPage" time="0.487" classname="com.dotnetscripts.DisplayLoginPage"/>
</testsuite> <!-- com.dotnetscripts.DisplayLoginPage -->
