<?xml version="1.0" encoding="UTF-8"?>
<!-- Generated by org.testng.reporters.JUnitReportReporter -->
<testsuite hostname="A2ML16237" name="com.rootadmin.scripts.ChangePasswordForPlatformAdmin" tests="1" failures="0" timestamp="6 Jul 2017 10:19:59 GMT" time="32.159" errors="0">
  <testcase name="testChangePasswordForPlatformAdmin" time="32.159" classname="com.rootadmin.scripts.ChangePasswordForPlatformAdmin"/>
</testsuite> <!-- com.rootadmin.scripts.ChangePasswordForPlatformAdmin -->
