<?xml version="1.0" encoding="UTF-8"?>
<!-- Generated by org.testng.reporters.JUnitReportReporter -->
<testsuite hostname="A2ML16237" name="com.roles.scripts.ManagerCannotCompose" tests="1" failures="0" timestamp="13 Jul 2017 12:09:34 GMT" time="71.433" errors="0">
  <testcase name="testManagerCannotCompose" time="71.433" classname="com.roles.scripts.ManagerCannotCompose"/>
</testsuite> <!-- com.roles.scripts.ManagerCannotCompose -->
