<?xml version="1.0" encoding="UTF-8"?>
<!-- Generated by org.testng.reporters.JUnitReportReporter -->
<testsuite hostname="A2ML16237" name="com.canvaslogicalview.scripts.ClickTestAutomation" tests="1" failures="0" timestamp="19 Sep 2016 04:24:59 GMT" time="17.248" errors="0">
  <testcase name="testClickTestAutomation" time="17.248" classname="com.canvaslogicalview.scripts.ClickTestAutomation"/>
</testsuite> <!-- com.canvaslogicalview.scripts.ClickTestAutomation -->
