<?xml version="1.0" encoding="UTF-8"?>
<!-- Generated by org.testng.reporters.JUnitReportReporter -->
<testsuite hostname="A2ML29097" failures="0" tests="1" name="com.dotnetscripts.DisplayLoginPage2" time="0.253" errors="0" timestamp="22 Nov 2018 11:19:44 GMT" skipped="0">
  <testcase classname="com.dotnetscripts.DisplayLoginPage2" name="testDisplayLoginPage" time="0.253"/>
</testsuite> <!-- com.dotnetscripts.DisplayLoginPage2 -->
