<?xml version="1.0" encoding="UTF-8"?>
<!-- Generated by org.testng.reporters.JUnitReportReporter -->
<testsuite hostname="A2ML16237" name="com.scripts.IncorrectUserLogin" tests="1" failures="0" timestamp="16 Sep 2016 12:44:00 GMT" time="20.552" errors="0">
  <testcase name="testIncorrectUserLogin" time="20.552" classname="com.scripts.IncorrectUserLogin"/>
</testsuite> <!-- com.scripts.IncorrectUserLogin -->
