<?xml version="1.0" encoding="UTF-8"?>
<!-- Generated by org.testng.reporters.JUnitReportReporter -->
<testsuite hostname="A2ML16237" name="com.rootadmin.scripts.PlatformAdminLoginWithInactiveStatus" tests="1" failures="0" timestamp="14 Aug 2017 11:13:31 GMT" time="5.716" errors="0">
  <testcase name="testPlatformAdminLoginWithInactiveStatus" time="5.716" classname="com.rootadmin.scripts.PlatformAdminLoginWithInactiveStatus"/>
</testsuite> <!-- com.rootadmin.scripts.PlatformAdminLoginWithInactiveStatus -->
